#
# A fatal error has been detected by the Java Runtime Environment:
#
#  EXCEPTION_ACCESS_VIOLATION (0xc0000005) at pc=0x0000000002c6a343, pid=3888, tid=4376
#
# JRE version: Java(TM) SE Runtime Environment (8.0_25-b18) (build 1.8.0_25-b18)
# Java VM: Java HotSpot(TM) 64-Bit Server VM (25.25-b02 mixed mode windows-amd64 compressed oops)
# Problematic frame:
# J 1110 C1 java.lang.Class.getDeclaredMethod(Ljava/lang/String;[Ljava/lang/Class;)Ljava/lang/reflect/Method; (67 bytes) @ 0x0000000002c6a343 [0x0000000002c69c20+0x723]
#
# Failed to write core dump. Minidumps are not enabled by default on client versions of Windows
#
# If you would like to submit a bug report, please visit:
#   http://bugreport.sun.com/bugreport/crash.jsp
#

---------------  T H R E A D  ---------------

Current thread (0x0000000057964800):  JavaThread "Daemon worker" [_thread_in_Java, id=4376, stack(0x0000000059430000,0x0000000059530000)]

siginfo: ExceptionCode=0xc0000005, writing address 0x0000000000000001

Registers:
RAX=0x0000000000000001, RBX=0x0000000000000001, RCX=0x000000001473d4b7, RDX=0x000000000025be09
RSP=0x000000005952c058, RBP=0x000000005952c178, RSI=0x00000000c01dc258, RDI=0x0000000000000012
R8 =0x00000000547a46f0, R9 =0x0000000000000012, R10=0x00000000f148dbb8, R11=0x0000000000000012
R12=0x0000000000000000, R13=0x00000000f148dc00, R14=0x000000005952c040, R15=0x0000000057964800
RIP=0x0000000002c6a343, EFLAGS=0x0000000000010206

Top of Stack: (sp=0x000000005952c058)
0x000000005952c058:   000000005952c060 0000000002897a46
0x000000005952c068:   00000000f148d308 00000000f148d338
0x000000005952c078:   00000000c01a6a80 000000005952c080
0x000000005952c088:   00000000547e460d 000000005952c0e0
0x000000005952c098:   00000000547e4e78 0000000000000000
0x000000005952c0a8:   00000000547e4620 0000000000000000
0x000000005952c0b8:   000000005952c0d0 00000000c02083b8
0x000000005952c0c8:   00000000c01c5490 00000000f148d388
0x000000005952c0d8:   00000000f148dbb8 00000000f148db98
0x000000005952c0e8:   0000000057964800 0000000000000001
0x000000005952c0f8:   0000000000000001 000000005952c178
0x000000005952c108:   0000000002897790 00006d1ab01beb14
0x000000005952c118:   0000000002897790 00000000f148d388
0x000000005952c128:   00000000c01c5490 00000000c02083b8
0x000000005952c138:   000000005952c138 0000000054ed4d03
0x000000005952c148:   000000005952c1b0 0000000054ed70b0 

Instructions: (pc=0x0000000002c6a343)
0x0000000002c6a323:   b8 98 1e 92 54 00 00 00 00 41 8b 90 dc 00 00 00
0x0000000002c6a333:   83 c2 08 41 89 90 dc 00 00 00 49 b8 f0 46 7a 54
0x0000000002c6a343:   00 00 00 00 91 e2 f8 ff 7f 00 83 fa 00 0f 84 68
0x0000000002c6a353:   03 00 00 48 8b 44 24 78 49 b8 98 1e 92 54 00 00 


Register to memory mapping:

RAX=0x0000000000000001 is an unknown value
RBX=0x0000000000000001 is an unknown value
RCX=0x000000001473d4b7 is pointing into metadata
RDX=0x000000000025be09 is an unknown value
RSP=0x000000005952c058 is pointing into the stack for thread: 0x0000000057964800
RBP=0x000000005952c178 is pointing into the stack for thread: 0x0000000057964800
RSI=0x00000000c01dc258 is an oop
[C 
 - klass: {type array char}
 - length: 1
RDI=0x0000000000000012 is an unknown value
R8 ={method} {0x00000000547a46f8} 'append' '(Ljava/lang/String;)Ljava/lang/StringBuilder;' in 'java/lang/StringBuilder'
R9 =0x0000000000000012 is an unknown value
R10=0x00000000f148dbb8 is an oop
java.lang.StringBuilder 
 - klass: 'java/lang/StringBuilder'
R11=0x0000000000000012 is an unknown value
R12=0x0000000000000000 is an unknown value
R13=0x00000000f148dc00 is an oop
[C 
 - klass: {type array char}
 - length: 34
R14=0x000000005952c040 is pointing into the stack for thread: 0x0000000057964800
R15=0x0000000057964800 is a thread


Stack: [0x0000000059430000,0x0000000059530000],  sp=0x000000005952c058,  free space=1008k
Native frames: (J=compiled Java code, j=interpreted, Vv=VM code, C=native code)
C  0x0000000002c6a343


---------------  P R O C E S S  ---------------

Java Threads: ( => current thread )
  0x0000000058196000 JavaThread "File lock request listener" [_thread_in_native, id=4188, stack(0x0000000059300000,0x0000000059400000)]
  0x000000005796f000 JavaThread "Stdin handler" [_thread_blocked, id=5020, stack(0x0000000059540000,0x0000000059640000)]
=>0x0000000057964800 JavaThread "Daemon worker" [_thread_in_Java, id=4376, stack(0x0000000059430000,0x0000000059530000)]
  0x0000000057930000 JavaThread "Cancel handler" [_thread_blocked, id=3692, stack(0x0000000059200000,0x0000000059300000)]
  0x0000000057918000 JavaThread "Handler for socket connection from /127.0.0.1:49445 to /127.0.0.1:49446" [_thread_in_native, id=1580, stack(0x0000000059090000,0x0000000059190000)]
  0x000000005787c000 JavaThread "Daemon" [_thread_blocked, id=1596, stack(0x0000000058e70000,0x0000000058f70000)]
  0x0000000057a1b800 JavaThread "Incoming local TCP Connector on port 49445" [_thread_in_native, id=3484, stack(0x0000000058a90000,0x0000000058b90000)]
  0x000000005512f800 JavaThread "Service Thread" daemon [_thread_blocked, id=2880, stack(0x0000000056d80000,0x0000000056e80000)]
  0x000000005636b000 JavaThread "C1 CompilerThread2" daemon [_thread_blocked, id=5100, stack(0x0000000056c30000,0x0000000056d30000)]
  0x0000000056368800 JavaThread "C2 CompilerThread1" daemon [_thread_in_native, id=2272, stack(0x0000000056120000,0x0000000056220000)]
  0x0000000056363000 JavaThread "C2 CompilerThread0" daemon [_thread_in_native, id=320, stack(0x0000000056b00000,0x0000000056c00000)]
  0x0000000056362800 JavaThread "Attach Listener" daemon [_thread_blocked, id=1612, stack(0x00000000568b0000,0x00000000569b0000)]
  0x0000000055123000 JavaThread "Signal Dispatcher" daemon [_thread_blocked, id=4448, stack(0x0000000056770000,0x0000000056870000)]
  0x00000000550c5800 JavaThread "Finalizer" daemon [_thread_blocked, id=3532, stack(0x0000000056260000,0x0000000056360000)]
  0x00000000550bc800 JavaThread "Reference Handler" daemon [_thread_blocked, id=1068, stack(0x0000000056010000,0x0000000056110000)]
  0x000000000222f000 JavaThread "main" [_thread_blocked, id=2980, stack(0x00000000024c0000,0x00000000025c0000)]

Other Threads:
  0x00000000550b7000 VMThread [stack: 0x0000000012080000,0x0000000012180000] [id=4824]
  0x00000000563e1800 WatcherThread [stack: 0x00000000569e0000,0x0000000056ae0000] [id=4972]

VM state:not at safepoint (normal execution)

VM Mutex/Monitor currently owned by a thread: None

Heap:
 PSYoungGen      total 155136K, used 110407K [0x00000000eab00000, 0x00000000fa000000, 0x0000000100000000)
  eden space 137216K, 80% used [0x00000000eab00000,0x00000000f16d1c00,0x00000000f3100000)
  from space 17920K, 0% used [0x00000000f3100000,0x00000000f3100000,0x00000000f4280000)
  to   space 19456K, 0% used [0x00000000f8d00000,0x00000000f8d00000,0x00000000fa000000)
 ParOldGen       total 93696K, used 25782K [0x00000000c0000000, 0x00000000c5b80000, 0x00000000eab00000)
  object space 93696K, 27% used [0x00000000c0000000,0x00000000c192d8a8,0x00000000c5b80000)
 Metaspace       used 37859K, capacity 39341K, committed 39680K, reserved 1083392K
  class space    used 5213K, capacity 5786K, committed 5888K, reserved 1048576K

Card table byte_map: [0x0000000011c50000,0x0000000011e60000] byte_map_base: 0x0000000011650000

Marking Bits: (ParMarkBitMap*) 0x0000000063cfd490
 Begin Bits: [0x0000000012530000, 0x0000000013530000)
 End Bits:   [0x0000000013530000, 0x0000000014530000)

Polling page: 0x0000000000240000

CodeCache: size=245760Kb used=13882Kb max_used=13882Kb free=231877Kb
 bounds [0x0000000002890000, 0x0000000003630000, 0x0000000011890000]
 total_blobs=4393 nmethods=3736 adapters=569
 compilation: enabled

Compilation events (10 events):
Event: 11.197 Thread 0x000000005636b000 4092       1       com.android.sdklib.repository.descriptors.PkgType::hasAndroidVersion (5 bytes)
Event: 11.197 Thread 0x000000005636b000 nmethod 4092 0x0000000003626450 code [0x00000000036265a0, 0x00000000036266b0]
Event: 11.199 Thread 0x000000005636b000 4093       2       org.gradle.messaging.remote.internal.Message$ExceptionReplacingObjectOutputStream::replaceObject (22 bytes)
Event: 11.200 Thread 0x000000005636b000 nmethod 4093 0x0000000003626710 code [0x0000000003626880, 0x0000000003626ae8]
Event: 11.201 Thread 0x000000005636b000 4094       1       java.lang.Enum::name (5 bytes)
Event: 11.201 Thread 0x000000005636b000 nmethod 4094 0x0000000003626bd0 code [0x0000000003626d20, 0x0000000003626e30]
Event: 11.207 Thread 0x000000005636b000 4095   !   2       groovy.lang.MetaClassImpl::getProperty (459 bytes)
Event: 11.211 Thread 0x000000005636b000 nmethod 4095 0x0000000003626e90 code [0x00000000036272c0, 0x0000000003628a78]
Event: 11.211 Thread 0x000000005636b000 4096       2       groovy.lang.MetaClassImpl::getProperty (13 bytes)
Event: 11.212 Thread 0x000000005636b000 nmethod 4096 0x000000000362a790 code [0x000000000362a900, 0x000000000362aaa8]

GC Heap History (10 events):
Event: 4.516 GC heap before
{Heap before GC invocations=7 (full 1):
 PSYoungGen      total 71680K, used 67086K [0x00000000eab00000, 0x00000000f2080000, 0x0000000100000000)
  eden space 66560K, 99% used [0x00000000eab00000,0x00000000eebd3ac0,0x00000000eec00000)
  from space 5120K, 13% used [0x00000000eec00000,0x00000000eecb0020,0x00000000ef100000)
  to   space 10752K, 0% used [0x00000000f1600000,0x00000000f1600000,0x00000000f2080000)
 ParOldGen       total 61440K, used 7937K [0x00000000c0000000, 0x00000000c3c00000, 0x00000000eab00000)
  object space 61440K, 12% used [0x00000000c0000000,0x00000000c07c0650,0x00000000c3c00000)
 Metaspace       used 22260K, capacity 22754K, committed 22912K, reserved 1069056K
  class space    used 2955K, capacity 3127K, committed 3200K, reserved 1048576K
Event: 4.522 GC heap after
Heap after GC invocations=7 (full 1):
 PSYoungGen      total 108544K, used 3449K [0x00000000eab00000, 0x00000000f2000000, 0x0000000100000000)
  eden space 98304K, 0% used [0x00000000eab00000,0x00000000eab00000,0x00000000f0b00000)
  from space 10240K, 33% used [0x00000000f1600000,0x00000000f195e680,0x00000000f2000000)
  to   space 10752K, 0% used [0x00000000f0b00000,0x00000000f0b00000,0x00000000f1580000)
 ParOldGen       total 61440K, used 7945K [0x00000000c0000000, 0x00000000c3c00000, 0x00000000eab00000)
  object space 61440K, 12% used [0x00000000c0000000,0x00000000c07c2650,0x00000000c3c00000)
 Metaspace       used 22260K, capacity 22754K, committed 22912K, reserved 1069056K
  class space    used 2955K, capacity 3127K, committed 3200K, reserved 1048576K
}
Event: 6.462 GC heap before
{Heap before GC invocations=8 (full 1):
 PSYoungGen      total 108544K, used 101753K [0x00000000eab00000, 0x00000000f2000000, 0x0000000100000000)
  eden space 98304K, 100% used [0x00000000eab00000,0x00000000f0b00000,0x00000000f0b00000)
  from space 10240K, 33% used [0x00000000f1600000,0x00000000f195e680,0x00000000f2000000)
  to   space 10752K, 0% used [0x00000000f0b00000,0x00000000f0b00000,0x00000000f1580000)
 ParOldGen       total 61440K, used 7945K [0x00000000c0000000, 0x00000000c3c00000, 0x00000000eab00000)
  object space 61440K, 12% used [0x00000000c0000000,0x00000000c07c2650,0x00000000c3c00000)
 Metaspace       used 28192K, capacity 28810K, committed 29056K, reserved 1075200K
  class space    used 3666K, capacity 3890K, committed 3968K, reserved 1048576K
Event: 6.480 GC heap after
Heap after GC invocations=8 (full 1):
 PSYoungGen      total 109056K, used 10199K [0x00000000eab00000, 0x00000000f4e80000, 0x0000000100000000)
  eden space 98304K, 0% used [0x00000000eab00000,0x00000000eab00000,0x00000000f0b00000)
  from space 10752K, 94% used [0x00000000f0b00000,0x00000000f14f5ce8,0x00000000f1580000)
  to   space 12288K, 0% used [0x00000000f4280000,0x00000000f4280000,0x00000000f4e80000)
 ParOldGen       total 61440K, used 7953K [0x00000000c0000000, 0x00000000c3c00000, 0x00000000eab00000)
  object space 61440K, 12% used [0x00000000c0000000,0x00000000c07c4650,0x00000000c3c00000)
 Metaspace       used 28192K, capacity 28810K, committed 29056K, reserved 1075200K
  class space    used 3666K, capacity 3890K, committed 3968K, reserved 1048576K
}
Event: 8.039 GC heap before
{Heap before GC invocations=9 (full 1):
 PSYoungGen      total 109056K, used 108503K [0x00000000eab00000, 0x00000000f4e80000, 0x0000000100000000)
  eden space 98304K, 100% used [0x00000000eab00000,0x00000000f0b00000,0x00000000f0b00000)
  from space 10752K, 94% used [0x00000000f0b00000,0x00000000f14f5ce8,0x00000000f1580000)
  to   space 12288K, 0% used [0x00000000f4280000,0x00000000f4280000,0x00000000f4e80000)
 ParOldGen       total 61440K, used 7953K [0x00000000c0000000, 0x00000000c3c00000, 0x00000000eab00000)
  object space 61440K, 12% used [0x00000000c0000000,0x00000000c07c4650,0x00000000c3c00000)
 Metaspace       used 33000K, capacity 34034K, committed 34304K, reserved 1079296K
  class space    used 4388K, capacity 4784K, committed 4864K, reserved 1048576K
Event: 8.132 GC heap after
Heap after GC invocations=9 (full 1):
 PSYoungGen      total 149504K, used 12272K [0x00000000eab00000, 0x00000000f6780000, 0x0000000100000000)
  eden space 137216K, 0% used [0x00000000eab00000,0x00000000eab00000,0x00000000f3100000)
  from space 12288K, 99% used [0x00000000f4280000,0x00000000f4e7c030,0x00000000f4e80000)
  to   space 17920K, 0% used [0x00000000f3100000,0x00000000f3100000,0x00000000f4280000)
 ParOldGen       total 61440K, used 15913K [0x00000000c0000000, 0x00000000c3c00000, 0x00000000eab00000)
  object space 61440K, 25% used [0x00000000c0000000,0x00000000c0f8a740,0x00000000c3c00000)
 Metaspace       used 33000K, capacity 34034K, committed 34304K, reserved 1079296K
  class space    used 4388K, capacity 4784K, committed 4864K, reserved 1048576K
}
Event: 8.554 GC heap before
{Heap before GC invocations=10 (full 1):
 PSYoungGen      total 149504K, used 35970K [0x00000000eab00000, 0x00000000f6780000, 0x0000000100000000)
  eden space 137216K, 17% used [0x00000000eab00000,0x00000000ec224ab8,0x00000000f3100000)
  from space 12288K, 99% used [0x00000000f4280000,0x00000000f4e7c030,0x00000000f4e80000)
  to   space 17920K, 0% used [0x00000000f3100000,0x00000000f3100000,0x00000000f4280000)
 ParOldGen       total 61440K, used 15913K [0x00000000c0000000, 0x00000000c3c00000, 0x00000000eab00000)
  object space 61440K, 25% used [0x00000000c0000000,0x00000000c0f8a740,0x00000000c3c00000)
 Metaspace       used 34234K, capacity 35448K, committed 35496K, reserved 1079296K
  class space    used 4607K, capacity 5108K, committed 5120K, reserved 1048576K
Event: 9.021 GC heap after
Heap after GC invocations=10 (full 1):
 PSYoungGen      total 155136K, used 14871K [0x00000000eab00000, 0x00000000fa000000, 0x0000000100000000)
  eden space 137216K, 0% used [0x00000000eab00000,0x00000000eab00000,0x00000000f3100000)
  from space 17920K, 82% used [0x00000000f3100000,0x00000000f3f85d80,0x00000000f4280000)
  to   space 19456K, 0% used [0x00000000f8d00000,0x00000000f8d00000,0x00000000fa000000)
 ParOldGen       total 61440K, used 15921K [0x00000000c0000000, 0x00000000c3c00000, 0x00000000eab00000)
  object space 61440K, 25% used [0x00000000c0000000,0x00000000c0f8c740,0x00000000c3c00000)
 Metaspace       used 34234K, capacity 35448K, committed 35496K, reserved 1079296K
  class space    used 4607K, capacity 5108K, committed 5120K, reserved 1048576K
}
Event: 9.021 GC heap before
{Heap before GC invocations=11 (full 2):
 PSYoungGen      total 155136K, used 14871K [0x00000000eab00000, 0x00000000fa000000, 0x0000000100000000)
  eden space 137216K, 0% used [0x00000000eab00000,0x00000000eab00000,0x00000000f3100000)
  from space 17920K, 82% used [0x00000000f3100000,0x00000000f3f85d80,0x00000000f4280000)
  to   space 19456K, 0% used [0x00000000f8d00000,0x00000000f8d00000,0x00000000fa000000)
 ParOldGen       total 61440K, used 15921K [0x00000000c0000000, 0x00000000c3c00000, 0x00000000eab00000)
  object space 61440K, 25% used [0x00000000c0000000,0x00000000c0f8c740,0x00000000c3c00000)
 Metaspace       used 34234K, capacity 35448K, committed 35496K, reserved 1079296K
  class space    used 4607K, capacity 5108K, committed 5120K, reserved 1048576K
Event: 9.457 GC heap after
Heap after GC invocations=11 (full 2):
 PSYoungGen      total 155136K, used 0K [0x00000000eab00000, 0x00000000fa000000, 0x0000000100000000)
  eden space 137216K, 0% used [0x00000000eab00000,0x00000000eab00000,0x00000000f3100000)
  from space 17920K, 0% used [0x00000000f3100000,0x00000000f3100000,0x00000000f4280000)
  to   space 19456K, 0% used [0x00000000f8d00000,0x00000000f8d00000,0x00000000fa000000)
 ParOldGen       total 93696K, used 25782K [0x00000000c0000000, 0x00000000c5b80000, 0x00000000eab00000)
  object space 93696K, 27% used [0x00000000c0000000,0x00000000c192d8a8,0x00000000c5b80000)
 Metaspace       used 34234K, capacity 35448K, committed 35496K, reserved 1079296K
  class space    used 4607K, capacity 5108K, committed 5120K, reserved 1048576K
}

Deoptimization events (10 events):
Event: 8.365 Thread 0x0000000057964800 Uncommon trap: reason=unreached action=reinterpret pc=0x0000000003238114 method=java.net.URLClassLoader.isSealed(Ljava/lang/String;Ljava/util/jar/Manifest;)Z @ 26
Event: 8.366 Thread 0x0000000057964800 Uncommon trap: reason=unreached action=reinterpret pc=0x0000000003213e10 method=java.net.URLClassLoader.isSealed(Ljava/lang/String;Ljava/util/jar/Manifest;)Z @ 26
Event: 8.416 Thread 0x0000000057964800 Uncommon trap: reason=bimorphic action=maybe_recompile pc=0x0000000003483d24 method=java.util.regex.Pattern$Curly.match(Ljava/util/regex/Matcher;ILjava/lang/CharSequence;)Z @ 19
Event: 10.255 Thread 0x0000000057964800 Uncommon trap: reason=unreached action=reinterpret pc=0x0000000002b1ca10 method=org.codehaus.groovy.util.ReferenceManager$2.afterReferenceCreation(Lorg/codehaus/groovy/util/Reference;)V @ 8
Event: 10.255 Thread 0x0000000057964800 Uncommon trap: reason=unreached action=reinterpret pc=0x0000000002b1ca10 method=org.codehaus.groovy.util.ReferenceManager$2.afterReferenceCreation(Lorg/codehaus/groovy/util/Reference;)V @ 8
Event: 10.255 Thread 0x0000000057964800 Uncommon trap: reason=unreached action=reinterpret pc=0x0000000002b1ca10 method=org.codehaus.groovy.util.ReferenceManager$2.afterReferenceCreation(Lorg/codehaus/groovy/util/Reference;)V @ 8
Event: 10.921 Thread 0x0000000057964800 Uncommon trap: reason=class_check action=maybe_recompile pc=0x00000000034ab594 method=com.sun.org.apache.xerces.internal.impl.XMLDocumentFragmentScannerImpl$FragmentContentDriver.next()I @ 2222
Event: 10.922 Thread 0x0000000057964800 Uncommon trap: reason=unreached action=reinterpret pc=0x00000000034ad43c method=com.sun.org.apache.xerces.internal.utils.XMLLimitAnalyzer.isTracking(Ljava/lang/String;)Z @ 4
Event: 10.922 Thread 0x0000000057964800 Uncommon trap: reason=unreached action=reinterpret pc=0x00000000033e5f0c method=com.sun.org.apache.xerces.internal.utils.XMLLimitAnalyzer.isTracking(Ljava/lang/String;)Z @ 4
Event: 10.922 Thread 0x0000000057964800 Uncommon trap: reason=unloaded action=reinterpret pc=0x000000000340dec8 method=com.sun.org.apache.xerces.internal.dom.DeferredDocumentImpl.getNodeObject(I)Lcom/sun/org/apache/xerces/internal/dom/DeferredNode; @ 255

Internal exceptions (10 events):
Event: 11.215 Thread 0x0000000057964800 Exception <a 'java/security/PrivilegedActionException'> (0x00000000f14596a8) thrown at [D:\re\workspace\8-2-build-windows-amd64-cygwin\jdk8u25\1677\hotspot\src\share\vm\prims\jvm.cpp, line 1312]
Event: 11.219 Thread 0x0000000057964800 Exception <a 'java/security/PrivilegedActionException'> (0x00000000f1466fa8) thrown at [D:\re\workspace\8-2-build-windows-amd64-cygwin\jdk8u25\1677\hotspot\src\share\vm\prims\jvm.cpp, line 1312]
Event: 11.219 Thread 0x0000000057964800 Exception <a 'java/security/PrivilegedActionException'> (0x00000000f1467e90) thrown at [D:\re\workspace\8-2-build-windows-amd64-cygwin\jdk8u25\1677\hotspot\src\share\vm\prims\jvm.cpp, line 1312]
Event: 11.220 Thread 0x0000000057964800 Exception <a 'java/security/PrivilegedActionException'> (0x00000000f14760a0) thrown at [D:\re\workspace\8-2-build-windows-amd64-cygwin\jdk8u25\1677\hotspot\src\share\vm\prims\jvm.cpp, line 1312]
Event: 11.220 Thread 0x0000000057964800 Exception <a 'java/security/PrivilegedActionException'> (0x00000000f1477110) thrown at [D:\re\workspace\8-2-build-windows-amd64-cygwin\jdk8u25\1677\hotspot\src\share\vm\prims\jvm.cpp, line 1312]
Event: 11.221 Thread 0x0000000057964800 Exception <a 'java/security/PrivilegedActionException'> (0x00000000f147c198) thrown at [D:\re\workspace\8-2-build-windows-amd64-cygwin\jdk8u25\1677\hotspot\src\share\vm\prims\jvm.cpp, line 1312]
Event: 11.221 Thread 0x0000000057964800 Exception <a 'java/security/PrivilegedActionException'> (0x00000000f147d3d8) thrown at [D:\re\workspace\8-2-build-windows-amd64-cygwin\jdk8u25\1677\hotspot\src\share\vm\prims\jvm.cpp, line 1312]
Event: 11.222 Thread 0x0000000057964800 Exception <a 'java/security/PrivilegedActionException'> (0x00000000f14840d8) thrown at [D:\re\workspace\8-2-build-windows-amd64-cygwin\jdk8u25\1677\hotspot\src\share\vm\prims\jvm.cpp, line 1312]
Event: 11.222 Thread 0x0000000057964800 Exception <a 'java/security/PrivilegedActionException'> (0x00000000f1485030) thrown at [D:\re\workspace\8-2-build-windows-amd64-cygwin\jdk8u25\1677\hotspot\src\share\vm\prims\jvm.cpp, line 1312]
Event: 11.224 Thread 0x0000000057964800 Implicit null exception at 0x0000000002c6a343 to 0x0000000000000000

Events (10 events):
Event: 11.215 loading class org/gradle/api/internal/changedetection/state/CacheBackedTaskHistoryRepository$2
Event: 11.215 loading class org/gradle/api/internal/changedetection/state/CacheBackedTaskHistoryRepository$2 done
Event: 11.219 loading class org/gradle/cache/internal/btree/FreeListBlockStore$FreeListEntry
Event: 11.219 loading class org/gradle/cache/internal/btree/FreeListBlockStore$FreeListEntry done
Event: 11.220 loading class org/gradle/api/internal/changedetection/state/CacheBackedTaskHistoryRepository$TaskHistory
Event: 11.220 loading class org/gradle/api/internal/changedetection/state/CacheBackedTaskHistoryRepository$TaskHistory done
Event: 11.221 loading class org/gradle/api/internal/changedetection/state/CacheBackedTaskHistoryRepository$LazyTaskExecution$TaskHistorySerializer
Event: 11.221 loading class org/gradle/api/internal/changedetection/state/CacheBackedTaskHistoryRepository$LazyTaskExecution$TaskHistorySerializer done
Event: 11.222 loading class org/gradle/api/internal/changedetection/state/InputPropertiesSerializer
Event: 11.222 loading class org/gradle/api/internal/changedetection/state/InputPropertiesSerializer done


Dynamic libraries:
0x000000013f570000 - 0x000000013f5a4000 	C:\Program Files\Java\jdk1.8.0_25\bin\java.exe
0x0000000077650000 - 0x00000000777f9000 	C:\Windows\SYSTEM32\ntdll.dll
0x0000000077530000 - 0x000000007764f000 	C:\Windows\system32\kernel32.dll
0x000007fefd5a0000 - 0x000007fefd60c000 	C:\Windows\system32\KERNELBASE.dll
0x000007fefeac0000 - 0x000007fefeb9b000 	C:\Windows\system32\ADVAPI32.dll
0x000007fefe690000 - 0x000007fefe72f000 	C:\Windows\system32\msvcrt.dll
0x000007fefd8d0000 - 0x000007fefd8ef000 	C:\Windows\SYSTEM32\sechost.dll
0x000007fefeba0000 - 0x000007fefeccd000 	C:\Windows\system32\RPCRT4.dll
0x0000000077430000 - 0x000000007752a000 	C:\Windows\system32\USER32.dll
0x000007feff820000 - 0x000007feff887000 	C:\Windows\system32\GDI32.dll
0x000007feff620000 - 0x000007feff62e000 	C:\Windows\system32\LPK.dll
0x000007feff890000 - 0x000007feff959000 	C:\Windows\system32\USP10.dll
0x000007fefa100000 - 0x000007fefa2f4000 	C:\Windows\WinSxS\amd64_microsoft.windows.common-controls_6595b64144ccf1df_6.0.7601.17514_none_fa396087175ac9ac\COMCTL32.dll
0x000007fefee50000 - 0x000007fefeec1000 	C:\Windows\system32\SHLWAPI.dll
0x000007fefd850000 - 0x000007fefd87e000 	C:\Windows\system32\IMM32.DLL
0x000007fefe9b0000 - 0x000007fefeab9000 	C:\Windows\system32\MSCTF.dll
0x0000000060b90000 - 0x0000000060c62000 	C:\Program Files\Java\jdk1.8.0_25\jre\bin\msvcr100.dll
0x0000000063520000 - 0x0000000063d7a000 	C:\Program Files\Java\jdk1.8.0_25\jre\bin\server\jvm.dll
0x000007fef9cb0000 - 0x000007fef9cb9000 	C:\Windows\system32\WSOCK32.dll
0x000007fefd880000 - 0x000007fefd8cd000 	C:\Windows\system32\WS2_32.dll
0x000007fefe680000 - 0x000007fefe688000 	C:\Windows\system32\NSI.dll
0x000007fefa780000 - 0x000007fefa7bb000 	C:\Windows\system32\WINMM.dll
0x0000000077820000 - 0x0000000077827000 	C:\Windows\system32\PSAPI.DLL
0x0000000068170000 - 0x000000006817f000 	C:\Program Files\Java\jdk1.8.0_25\jre\bin\verify.dll
0x00000000642b0000 - 0x00000000642d8000 	C:\Program Files\Java\jdk1.8.0_25\jre\bin\java.dll
0x0000000064290000 - 0x00000000642a6000 	C:\Program Files\Java\jdk1.8.0_25\jre\bin\zip.dll
0x000007fefd8f0000 - 0x000007fefe679000 	C:\Windows\system32\SHELL32.dll
0x000007fefeed0000 - 0x000007feff0d3000 	C:\Windows\system32\ole32.dll
0x000007fefd410000 - 0x000007fefd41f000 	C:\Windows\system32\profapi.dll
0x000007fefcc50000 - 0x000007fefcc68000 	C:\Windows\system32\CRYPTSP.dll
0x000007fefc950000 - 0x000007fefc997000 	C:\Windows\system32\rsaenh.dll
0x000007fefd570000 - 0x000007fefd58e000 	C:\Windows\system32\USERENV.dll
0x000007fefd2b0000 - 0x000007fefd2bf000 	C:\Windows\system32\CRYPTBASE.dll
0x0000000064080000 - 0x000000006409a000 	C:\Program Files\Java\jdk1.8.0_25\jre\bin\net.dll
0x000007fefcbf0000 - 0x000007fefcc45000 	C:\Windows\system32\mswsock.dll
0x000007fefcbe0000 - 0x000007fefcbe7000 	C:\Windows\System32\wship6.dll
0x000007fefbce0000 - 0x000007fefbd07000 	C:\Windows\system32\IPHLPAPI.DLL
0x000007fefbcd0000 - 0x000007fefbcdb000 	C:\Windows\system32\WINNSI.DLL
0x000007fefbae0000 - 0x000007fefbaf1000 	C:\Windows\system32\dhcpcsvc6.DLL
0x000007fefbac0000 - 0x000007fefbad8000 	C:\Windows\system32\dhcpcsvc.DLL
0x0000000064060000 - 0x0000000064071000 	C:\Program Files\Java\jdk1.8.0_25\jre\bin\nio.dll
0x000007fef8d70000 - 0x000007fef8d82000 	C:\Users\Evan\AppData\Local\Temp\native-platform3017874985048424120dir\native-platform.dll
0x000007fefd250000 - 0x000007fefd2a7000 	C:\Windows\system32\apphelp.dll
0x000007fef19c0000 - 0x000007fef1ae5000 	C:\Windows\system32\dbghelp.dll

VM Arguments:
jvm_args: -XX:MaxPermSize=256m -XX:+HeapDumpOnOutOfMemoryError -Xmx1024m -Dfile.encoding=windows-1252 -Duser.country=US -Duser.language=en -Duser.variant 
java_command: org.gradle.launcher.daemon.bootstrap.GradleDaemon 2.2.1 C:\Users\Evan\.gradle\daemon 10800000 6e9c9144-9756-4eaa-abc7-3c79579083b9 -XX:MaxPermSize=256m -XX:+HeapDumpOnOutOfMemoryError -Xmx1024m -Dfile.encoding=windows-1252 -Duser.country=US -Duser.language=en -Duser.variant
java_class_path (initial): C:\Program Files\Android\Android Studio\gradle\gradle-2.2.1\lib\gradle-launcher-2.2.1.jar
Launcher Type: SUN_STANDARD

Environment Variables:
JAVA_HOME=C:\Program Files\Java\jdk1.8.0_25
PATH=C:\ProgramData\Oracle\Java\javapath;C:\Windows\system32;C:\Windows;C:\Windows\System32\Wbem;C:\Windows\System32\WindowsPowerShell\v1.0\;C:\Program Files\Intel\WiFi\bin\;C:\Program Files\Common Files\Intel\WirelessCommon\;C:\Program Files (x86)\Windows Kits\8.1\Windows Performance Toolkit\;C:\Program Files\Microsoft SQL Server\110\Tools\Binn\;C:\Program Files (x86)\LLVM\bin;C:\Program Files\Intel\WiFi\bin\;C:\Program Files\Common Files\Intel\WirelessCommon\
USERNAME=Evan
OS=Windows_NT
PROCESSOR_IDENTIFIER=Intel64 Family 6 Model 42 Stepping 7, GenuineIntel



---------------  S Y S T E M  ---------------

OS: Windows 7 , 64 bit Build 7601 Service Pack 1

CPU:total 4 (2 cores per cpu, 2 threads per core) family 6 model 42 stepping 7, cmov, cx8, fxsr, mmx, sse, sse2, sse3, ssse3, sse4.1, sse4.2, popcnt, avx, clmul, ht, tsc, tscinvbit

Memory: 4k page, physical 8291480k(4740728k free), swap 16581104k(12663552k free)

vm_info: Java HotSpot(TM) 64-Bit Server VM (25.25-b02) for windows-amd64 JRE (1.8.0_25-b18), built on Oct  7 2014 14:25:37 by "java_re" with MS VC++ 10.0 (VS2010)

time: Thu Apr 02 02:53:49 2015
elapsed time: 11 seconds (0d 0h 0m 11s)

